--------------------------------------------------------------------------------
Release 14.5 Trace  (nt64)
Copyright (c) 1995-2012 Xilinx, Inc.  All rights reserved.

S:\eleprog\14.5\ISE_DS\ISE\bin\nt64\unwrapped\trce.exe -intstyle ise -v 3 -s 5
-n 3 -fastpaths -xml pong_top.twx pong_top.ncd -o pong_top.twr pong_top.pcf
-ucf Basys2.ucf

Design file:              pong_top.ncd
Physical constraint file: pong_top.pcf
Device,package,speed:     xc3s100e,cp132,-5 (PRODUCTION 1.27 2013-03-26)
Report level:             verbose report

Environment Variable      Effect 
--------------------      ------ 
NONE                      No environment variables were set
--------------------------------------------------------------------------------

INFO:Timing:2698 - No timing constraints found, doing default enumeration.
INFO:Timing:3412 - To improve timing, see the Timing Closure User Guide (UG612).
INFO:Timing:2752 - To get complete path coverage, use the unconstrained paths 
   option. All paths that are not constrained will be reported in the 
   unconstrained paths section(s) of the report.
INFO:Timing:3339 - The clock-to-out numbers in this timing report are based on 
   a 50 Ohm transmission line loading model.  For the details of this model, 
   and for more information on accounting for different loading conditions, 
   please see the device datasheet.
INFO:Timing:3390 - This architecture does not support a default System Jitter 
   value, please add SYSTEM_JITTER constraint to the UCF to modify the Clock 
   Uncertainty calculation.
INFO:Timing:3389 - This architecture does not support 'Discrete Jitter' and 
   'Phase Error' calculations, these terms will be zero in the Clock 
   Uncertainty calculation.  Please make appropriate modification to 
   SYSTEM_JITTER to account for the unsupported Discrete Jitter and Phase 
   Error.



Data Sheet report:
-----------------
All values displayed in nanoseconds (ns)

Setup/Hold to clock clock
------------+------------+------------+------------------+--------+
            |Max Setup to|Max Hold to |                  | Clock  |
Source      | clk (edge) | clk (edge) |Internal Clock(s) | Phase  |
------------+------------+------------+------------------+--------+
btn<0>      |    8.121(R)|   -2.944(R)|clk               |   0.000|
btn<1>      |    8.519(R)|   -3.365(R)|clk               |   0.000|
btn<2>      |    7.719(R)|   -2.922(R)|clk               |   0.000|
btn<3>      |    9.119(R)|   -3.124(R)|clk               |   0.000|
shoot       |    9.927(R)|   -2.028(R)|clk               |   0.000|
------------+------------+------------+------------------+--------+

Clock clock to Pad
------------+------------+------------------+--------+
            | clk (edge) |                  | Clock  |
Destination |   to PAD   |Internal Clock(s) | Phase  |
------------+------------+------------------+--------+
hsync       |    4.850(R)|clk               |   0.000|
outblue<0>  |    5.168(R)|clk               |   0.000|
outblue<1>  |    4.750(R)|clk               |   0.000|
outgreen<0> |    5.636(R)|clk               |   0.000|
outgreen<1> |    5.416(R)|clk               |   0.000|
outgreen<2> |    5.420(R)|clk               |   0.000|
outred<0>   |    5.459(R)|clk               |   0.000|
outred<1>   |    5.244(R)|clk               |   0.000|
outred<2>   |    5.944(R)|clk               |   0.000|
rgb<0>      |    5.206(R)|clk               |   0.000|
rgb<1>      |    5.197(R)|clk               |   0.000|
rgb<2>      |    5.252(R)|clk               |   0.000|
vsync       |    4.881(R)|clk               |   0.000|
------------+------------+------------------+--------+

Clock to Setup on destination clock clock
---------------+---------+---------+---------+---------+
               | Src:Rise| Src:Fall| Src:Rise| Src:Fall|
Source Clock   |Dest:Rise|Dest:Rise|Dest:Fall|Dest:Fall|
---------------+---------+---------+---------+---------+
clock          |   10.066|         |         |         |
---------------+---------+---------+---------+---------+


Analysis completed Fri Dec 18 15:40:04 2020 
--------------------------------------------------------------------------------

Trace Settings:
-------------------------
Trace Settings 

Peak Memory Usage: 4503 MB



